0 info it worked if it ends with ok
1 verbose cli [ '/usr/bin/node', '/usr/bin/npm', 'install' ]
2 info using npm@3.5.2
3 info using node@v6.11.4
4 silly loadCurrentTree Starting
5 silly install loadCurrentTree
6 silly install readLocalPackageData
7 silly install normalizeTree
8 silly loadCurrentTree Finishing
9 silly loadIdealTree Starting
10 silly install loadIdealTree
11 silly cloneCurrentTree Starting
12 silly install cloneCurrentTreeToIdealTree
13 silly cloneCurrentTree Finishing
14 silly loadShrinkwrap Starting
15 silly install loadShrinkwrap
16 silly loadShrinkwrap Finishing
17 silly loadAllDepsIntoIdealTree Starting
18 silly install loadAllDepsIntoIdealTree
19 silly loadAllDepsIntoIdealTree Finishing
20 silly idealTree:prePrune nodeTest
20 silly idealTree:prePrune ├── accepts@1.3.4
20 silly idealTree:prePrune ├── acorn-globals@1.0.9
20 silly idealTree:prePrune ├── acorn@2.7.0
20 silly idealTree:prePrune ├── align-text@0.1.4
20 silly idealTree:prePrune ├── amdefine@1.0.1
20 silly idealTree:prePrune ├── array-flatten@1.1.1
20 silly idealTree:prePrune ├── asap@1.0.0
20 silly idealTree:prePrune ├── body-parser@1.18.2
20 silly idealTree:prePrune ├── bytes@3.0.0
20 silly idealTree:prePrune ├── camelcase@1.2.1
20 silly idealTree:prePrune ├── center-align@0.1.3
20 silly idealTree:prePrune ├── character-parser@1.2.1
20 silly idealTree:prePrune ├─┬ clean-css@3.4.28
20 silly idealTree:prePrune │ └── commander@2.8.1
20 silly idealTree:prePrune ├─┬ cliui@2.1.0
20 silly idealTree:prePrune │ └── wordwrap@0.0.2
20 silly idealTree:prePrune ├── commander@2.6.0
20 silly idealTree:prePrune ├── constantinople@3.0.2
20 silly idealTree:prePrune ├── content-disposition@0.5.2
20 silly idealTree:prePrune ├── content-type@1.0.4
20 silly idealTree:prePrune ├── cookie-signature@1.0.6
20 silly idealTree:prePrune ├── cookie@0.3.1
20 silly idealTree:prePrune ├── css-parse@1.0.4
20 silly idealTree:prePrune ├── css-stringify@1.0.5
20 silly idealTree:prePrune ├── css@1.0.8
20 silly idealTree:prePrune ├── debug@2.6.9
20 silly idealTree:prePrune ├── decamelize@1.2.0
20 silly idealTree:prePrune ├── depd@1.1.1
20 silly idealTree:prePrune ├── destroy@1.0.4
20 silly idealTree:prePrune ├── doctypes@1.1.0
20 silly idealTree:prePrune ├── ee-first@1.1.1
20 silly idealTree:prePrune ├── encodeurl@1.0.1
20 silly idealTree:prePrune ├── escape-html@1.0.3
20 silly idealTree:prePrune ├── etag@1.8.1
20 silly idealTree:prePrune ├── express@4.16.2
20 silly idealTree:prePrune ├── finalhandler@1.1.0
20 silly idealTree:prePrune ├── forwarded@0.1.2
20 silly idealTree:prePrune ├── fresh@0.5.2
20 silly idealTree:prePrune ├── function-bind@1.1.1
20 silly idealTree:prePrune ├── graceful-readlink@1.0.1
20 silly idealTree:prePrune ├── has@1.0.1
20 silly idealTree:prePrune ├─┬ http-errors@1.6.2
20 silly idealTree:prePrune │ └── setprototypeof@1.0.3
20 silly idealTree:prePrune ├── iconv-lite@0.4.19
20 silly idealTree:prePrune ├── inherits@2.0.3
20 silly idealTree:prePrune ├── ipaddr.js@1.5.2
20 silly idealTree:prePrune ├── is-buffer@1.1.6
20 silly idealTree:prePrune ├─┬ is-expression@3.0.0
20 silly idealTree:prePrune │ └── acorn@4.0.13
20 silly idealTree:prePrune ├── is-promise@2.1.0
20 silly idealTree:prePrune ├── is-regex@1.0.4
20 silly idealTree:prePrune ├── jade@1.11.0
20 silly idealTree:prePrune ├── js-stringify@1.0.2
20 silly idealTree:prePrune ├── jstransformer@0.0.2
20 silly idealTree:prePrune ├── kind-of@3.2.2
20 silly idealTree:prePrune ├── lazy-cache@1.0.4
20 silly idealTree:prePrune ├── longest@1.0.1
20 silly idealTree:prePrune ├── media-typer@0.3.0
20 silly idealTree:prePrune ├── merge-descriptors@1.0.1
20 silly idealTree:prePrune ├── methods@1.1.2
20 silly idealTree:prePrune ├── mime-db@1.30.0
20 silly idealTree:prePrune ├── mime-types@2.1.17
20 silly idealTree:prePrune ├── mime@1.4.1
20 silly idealTree:prePrune ├── minimist@0.0.8
20 silly idealTree:prePrune ├── mkdirp@0.5.1
20 silly idealTree:prePrune ├── ms@2.0.0
20 silly idealTree:prePrune ├── negotiator@0.6.1
20 silly idealTree:prePrune ├── object-assign@4.1.1
20 silly idealTree:prePrune ├── on-finished@2.3.0
20 silly idealTree:prePrune ├── optimist@0.3.7
20 silly idealTree:prePrune ├── parseurl@1.3.2
20 silly idealTree:prePrune ├── path-parse@1.0.5
20 silly idealTree:prePrune ├── path-to-regexp@0.1.7
20 silly idealTree:prePrune ├── promise@6.1.0
20 silly idealTree:prePrune ├── proxy-addr@2.0.2
20 silly idealTree:prePrune ├── pug-attrs@2.0.2
20 silly idealTree:prePrune ├─┬ pug-code-gen@2.0.0
20 silly idealTree:prePrune │ ├─┬ acorn-globals@3.1.0
20 silly idealTree:prePrune │ │ └── acorn@4.0.13
20 silly idealTree:prePrune │ ├── acorn@3.3.0
20 silly idealTree:prePrune │ └── with@5.1.1
20 silly idealTree:prePrune ├── pug-error@1.3.2
20 silly idealTree:prePrune ├─┬ pug-filters@2.1.5
20 silly idealTree:prePrune │ ├── asap@2.0.6
20 silly idealTree:prePrune │ ├── jstransformer@1.0.0
20 silly idealTree:prePrune │ └── promise@7.3.1
20 silly idealTree:prePrune ├─┬ pug-lexer@3.1.0
20 silly idealTree:prePrune │ └── character-parser@2.2.0
20 silly idealTree:prePrune ├── pug-linker@3.0.3
20 silly idealTree:prePrune ├── pug-load@2.0.9
20 silly idealTree:prePrune ├── pug-parser@4.0.0
20 silly idealTree:prePrune ├── pug-runtime@2.0.3
20 silly idealTree:prePrune ├── pug-strip-comments@1.0.2
20 silly idealTree:prePrune ├── pug-walk@1.1.5
20 silly idealTree:prePrune ├── pug@2.0.0-rc.4
20 silly idealTree:prePrune ├── qs@6.5.1
20 silly idealTree:prePrune ├── range-parser@1.2.0
20 silly idealTree:prePrune ├── raw-body@2.3.2
20 silly idealTree:prePrune ├── repeat-string@1.6.1
20 silly idealTree:prePrune ├── resolve@1.5.0
20 silly idealTree:prePrune ├── right-align@0.1.3
20 silly idealTree:prePrune ├── safe-buffer@5.1.1
20 silly idealTree:prePrune ├── send@0.16.1
20 silly idealTree:prePrune ├── serve-static@1.13.1
20 silly idealTree:prePrune ├── setprototypeof@1.1.0
20 silly idealTree:prePrune ├── source-map@0.4.4
20 silly idealTree:prePrune ├── statuses@1.3.1
20 silly idealTree:prePrune ├── token-stream@0.0.1
20 silly idealTree:prePrune ├─┬ transformers@2.1.0
20 silly idealTree:prePrune │ ├── is-promise@1.0.1
20 silly idealTree:prePrune │ ├── promise@2.0.0
20 silly idealTree:prePrune │ ├── source-map@0.1.43
20 silly idealTree:prePrune │ └── uglify-js@2.2.5
20 silly idealTree:prePrune ├── type-is@1.6.15
20 silly idealTree:prePrune ├─┬ uglify-js@2.8.29
20 silly idealTree:prePrune │ └── source-map@0.5.7
20 silly idealTree:prePrune ├── uglify-to-browserify@1.0.2
20 silly idealTree:prePrune ├── unpipe@1.0.0
20 silly idealTree:prePrune ├── utils-merge@1.0.1
20 silly idealTree:prePrune ├── vary@1.1.2
20 silly idealTree:prePrune ├── void-elements@2.0.1
20 silly idealTree:prePrune ├── window-size@0.1.0
20 silly idealTree:prePrune ├─┬ with@4.0.3
20 silly idealTree:prePrune │ └── acorn@1.2.2
20 silly idealTree:prePrune ├── wordwrap@0.0.3
20 silly idealTree:prePrune └── yargs@3.10.0
21 silly loadIdealTree Finishing
22 silly currentTree nodeTest
22 silly currentTree ├── accepts@1.3.4
22 silly currentTree ├── acorn-globals@1.0.9
22 silly currentTree ├── acorn@2.7.0
22 silly currentTree ├── align-text@0.1.4
22 silly currentTree ├── amdefine@1.0.1
22 silly currentTree ├── array-flatten@1.1.1
22 silly currentTree ├── asap@1.0.0
22 silly currentTree ├── body-parser@1.18.2
22 silly currentTree ├── bytes@3.0.0
22 silly currentTree ├── camelcase@1.2.1
22 silly currentTree ├── center-align@0.1.3
22 silly currentTree ├── character-parser@1.2.1
22 silly currentTree ├─┬ clean-css@3.4.28
22 silly currentTree │ └── commander@2.8.1
22 silly currentTree ├─┬ cliui@2.1.0
22 silly currentTree │ └── wordwrap@0.0.2
22 silly currentTree ├── commander@2.6.0
22 silly currentTree ├── constantinople@3.0.2
22 silly currentTree ├── content-disposition@0.5.2
22 silly currentTree ├── content-type@1.0.4
22 silly currentTree ├── cookie-signature@1.0.6
22 silly currentTree ├── cookie@0.3.1
22 silly currentTree ├── css-parse@1.0.4
22 silly currentTree ├── css-stringify@1.0.5
22 silly currentTree ├── css@1.0.8
22 silly currentTree ├── debug@2.6.9
22 silly currentTree ├── decamelize@1.2.0
22 silly currentTree ├── depd@1.1.1
22 silly currentTree ├── destroy@1.0.4
22 silly currentTree ├── doctypes@1.1.0
22 silly currentTree ├── ee-first@1.1.1
22 silly currentTree ├── encodeurl@1.0.1
22 silly currentTree ├── escape-html@1.0.3
22 silly currentTree ├── etag@1.8.1
22 silly currentTree ├── express@4.16.2
22 silly currentTree ├── finalhandler@1.1.0
22 silly currentTree ├── forwarded@0.1.2
22 silly currentTree ├── fresh@0.5.2
22 silly currentTree ├── function-bind@1.1.1
22 silly currentTree ├── graceful-readlink@1.0.1
22 silly currentTree ├── has@1.0.1
22 silly currentTree ├─┬ http-errors@1.6.2
22 silly currentTree │ └── setprototypeof@1.0.3
22 silly currentTree ├── iconv-lite@0.4.19
22 silly currentTree ├── inherits@2.0.3
22 silly currentTree ├── ipaddr.js@1.5.2
22 silly currentTree ├── is-buffer@1.1.6
22 silly currentTree ├─┬ is-expression@3.0.0
22 silly currentTree │ └── acorn@4.0.13
22 silly currentTree ├── is-promise@2.1.0
22 silly currentTree ├── is-regex@1.0.4
22 silly currentTree ├── jade@1.11.0
22 silly currentTree ├── js-stringify@1.0.2
22 silly currentTree ├── jstransformer@0.0.2
22 silly currentTree ├── kind-of@3.2.2
22 silly currentTree ├── lazy-cache@1.0.4
22 silly currentTree ├── longest@1.0.1
22 silly currentTree ├── media-typer@0.3.0
22 silly currentTree ├── merge-descriptors@1.0.1
22 silly currentTree ├── methods@1.1.2
22 silly currentTree ├── mime-db@1.30.0
22 silly currentTree ├── mime-types@2.1.17
22 silly currentTree ├── mime@1.4.1
22 silly currentTree ├── minimist@0.0.8
22 silly currentTree ├── mkdirp@0.5.1
22 silly currentTree ├── ms@2.0.0
22 silly currentTree ├── negotiator@0.6.1
22 silly currentTree ├── object-assign@4.1.1
22 silly currentTree ├── on-finished@2.3.0
22 silly currentTree ├── optimist@0.3.7
22 silly currentTree ├── parseurl@1.3.2
22 silly currentTree ├── path-parse@1.0.5
22 silly currentTree ├── path-to-regexp@0.1.7
22 silly currentTree ├── promise@6.1.0
22 silly currentTree ├── proxy-addr@2.0.2
22 silly currentTree ├── pug-attrs@2.0.2
22 silly currentTree ├─┬ pug-code-gen@2.0.0
22 silly currentTree │ ├─┬ acorn-globals@3.1.0
22 silly currentTree │ │ └── acorn@4.0.13
22 silly currentTree │ ├── acorn@3.3.0
22 silly currentTree │ └── with@5.1.1
22 silly currentTree ├── pug-error@1.3.2
22 silly currentTree ├─┬ pug-filters@2.1.5
22 silly currentTree │ ├── asap@2.0.6
22 silly currentTree │ ├── jstransformer@1.0.0
22 silly currentTree │ └── promise@7.3.1
22 silly currentTree ├─┬ pug-lexer@3.1.0
22 silly currentTree │ └── character-parser@2.2.0
22 silly currentTree ├── pug-linker@3.0.3
22 silly currentTree ├── pug-load@2.0.9
22 silly currentTree ├── pug-parser@4.0.0
22 silly currentTree ├── pug-runtime@2.0.3
22 silly currentTree ├── pug-strip-comments@1.0.2
22 silly currentTree ├── pug-walk@1.1.5
22 silly currentTree ├── pug@2.0.0-rc.4
22 silly currentTree ├── qs@6.5.1
22 silly currentTree ├── range-parser@1.2.0
22 silly currentTree ├── raw-body@2.3.2
22 silly currentTree ├── repeat-string@1.6.1
22 silly currentTree ├── resolve@1.5.0
22 silly currentTree ├── right-align@0.1.3
22 silly currentTree ├── safe-buffer@5.1.1
22 silly currentTree ├── send@0.16.1
22 silly currentTree ├── serve-static@1.13.1
22 silly currentTree ├── setprototypeof@1.1.0
22 silly currentTree ├── source-map@0.4.4
22 silly currentTree ├── statuses@1.3.1
22 silly currentTree ├── token-stream@0.0.1
22 silly currentTree ├─┬ transformers@2.1.0
22 silly currentTree │ ├── is-promise@1.0.1
22 silly currentTree │ ├── promise@2.0.0
22 silly currentTree │ ├── source-map@0.1.43
22 silly currentTree │ └── uglify-js@2.2.5
22 silly currentTree ├── type-is@1.6.15
22 silly currentTree ├─┬ uglify-js@2.8.29
22 silly currentTree │ └── source-map@0.5.7
22 silly currentTree ├── uglify-to-browserify@1.0.2
22 silly currentTree ├── unpipe@1.0.0
22 silly currentTree ├── utils-merge@1.0.1
22 silly currentTree ├── vary@1.1.2
22 silly currentTree ├── void-elements@2.0.1
22 silly currentTree ├── window-size@0.1.0
22 silly currentTree ├─┬ with@4.0.3
22 silly currentTree │ └── acorn@1.2.2
22 silly currentTree ├── wordwrap@0.0.3
22 silly currentTree └── yargs@3.10.0
23 silly idealTree nodeTest
23 silly idealTree ├── accepts@1.3.4
23 silly idealTree ├── acorn-globals@1.0.9
23 silly idealTree ├── acorn@2.7.0
23 silly idealTree ├── align-text@0.1.4
23 silly idealTree ├── amdefine@1.0.1
23 silly idealTree ├── array-flatten@1.1.1
23 silly idealTree ├── asap@1.0.0
23 silly idealTree ├── body-parser@1.18.2
23 silly idealTree ├── bytes@3.0.0
23 silly idealTree ├── camelcase@1.2.1
23 silly idealTree ├── center-align@0.1.3
23 silly idealTree ├── character-parser@1.2.1
23 silly idealTree ├─┬ clean-css@3.4.28
23 silly idealTree │ └── commander@2.8.1
23 silly idealTree ├─┬ cliui@2.1.0
23 silly idealTree │ └── wordwrap@0.0.2
23 silly idealTree ├── commander@2.6.0
23 silly idealTree ├── constantinople@3.0.2
23 silly idealTree ├── content-disposition@0.5.2
23 silly idealTree ├── content-type@1.0.4
23 silly idealTree ├── cookie-signature@1.0.6
23 silly idealTree ├── cookie@0.3.1
23 silly idealTree ├── css-parse@1.0.4
23 silly idealTree ├── css-stringify@1.0.5
23 silly idealTree ├── css@1.0.8
23 silly idealTree ├── debug@2.6.9
23 silly idealTree ├── decamelize@1.2.0
23 silly idealTree ├── depd@1.1.1
23 silly idealTree ├── destroy@1.0.4
23 silly idealTree ├── doctypes@1.1.0
23 silly idealTree ├── ee-first@1.1.1
23 silly idealTree ├── encodeurl@1.0.1
23 silly idealTree ├── escape-html@1.0.3
23 silly idealTree ├── etag@1.8.1
23 silly idealTree ├── express@4.16.2
23 silly idealTree ├── finalhandler@1.1.0
23 silly idealTree ├── forwarded@0.1.2
23 silly idealTree ├── fresh@0.5.2
23 silly idealTree ├── function-bind@1.1.1
23 silly idealTree ├── graceful-readlink@1.0.1
23 silly idealTree ├── has@1.0.1
23 silly idealTree ├─┬ http-errors@1.6.2
23 silly idealTree │ └── setprototypeof@1.0.3
23 silly idealTree ├── iconv-lite@0.4.19
23 silly idealTree ├── inherits@2.0.3
23 silly idealTree ├── ipaddr.js@1.5.2
23 silly idealTree ├── is-buffer@1.1.6
23 silly idealTree ├─┬ is-expression@3.0.0
23 silly idealTree │ └── acorn@4.0.13
23 silly idealTree ├── is-promise@2.1.0
23 silly idealTree ├── is-regex@1.0.4
23 silly idealTree ├── jade@1.11.0
23 silly idealTree ├── js-stringify@1.0.2
23 silly idealTree ├── jstransformer@0.0.2
23 silly idealTree ├── kind-of@3.2.2
23 silly idealTree ├── lazy-cache@1.0.4
23 silly idealTree ├── longest@1.0.1
23 silly idealTree ├── media-typer@0.3.0
23 silly idealTree ├── merge-descriptors@1.0.1
23 silly idealTree ├── methods@1.1.2
23 silly idealTree ├── mime-db@1.30.0
23 silly idealTree ├── mime-types@2.1.17
23 silly idealTree ├── mime@1.4.1
23 silly idealTree ├── minimist@0.0.8
23 silly idealTree ├── mkdirp@0.5.1
23 silly idealTree ├── ms@2.0.0
23 silly idealTree ├── negotiator@0.6.1
23 silly idealTree ├── object-assign@4.1.1
23 silly idealTree ├── on-finished@2.3.0
23 silly idealTree ├── optimist@0.3.7
23 silly idealTree ├── parseurl@1.3.2
23 silly idealTree ├── path-parse@1.0.5
23 silly idealTree ├── path-to-regexp@0.1.7
23 silly idealTree ├── promise@6.1.0
23 silly idealTree ├── proxy-addr@2.0.2
23 silly idealTree ├── pug-attrs@2.0.2
23 silly idealTree ├─┬ pug-code-gen@2.0.0
23 silly idealTree │ ├─┬ acorn-globals@3.1.0
23 silly idealTree │ │ └── acorn@4.0.13
23 silly idealTree │ ├── acorn@3.3.0
23 silly idealTree │ └── with@5.1.1
23 silly idealTree ├── pug-error@1.3.2
23 silly idealTree ├─┬ pug-filters@2.1.5
23 silly idealTree │ ├── asap@2.0.6
23 silly idealTree │ ├── jstransformer@1.0.0
23 silly idealTree │ └── promise@7.3.1
23 silly idealTree ├─┬ pug-lexer@3.1.0
23 silly idealTree │ └── character-parser@2.2.0
23 silly idealTree ├── pug-linker@3.0.3
23 silly idealTree ├── pug-load@2.0.9
23 silly idealTree ├── pug-parser@4.0.0
23 silly idealTree ├── pug-runtime@2.0.3
23 silly idealTree ├── pug-strip-comments@1.0.2
23 silly idealTree ├── pug-walk@1.1.5
23 silly idealTree ├── pug@2.0.0-rc.4
23 silly idealTree ├── qs@6.5.1
23 silly idealTree ├── range-parser@1.2.0
23 silly idealTree ├── raw-body@2.3.2
23 silly idealTree ├── repeat-string@1.6.1
23 silly idealTree ├── resolve@1.5.0
23 silly idealTree ├── right-align@0.1.3
23 silly idealTree ├── safe-buffer@5.1.1
23 silly idealTree ├── send@0.16.1
23 silly idealTree ├── serve-static@1.13.1
23 silly idealTree ├── setprototypeof@1.1.0
23 silly idealTree ├── source-map@0.4.4
23 silly idealTree ├── statuses@1.3.1
23 silly idealTree ├── token-stream@0.0.1
23 silly idealTree ├─┬ transformers@2.1.0
23 silly idealTree │ ├── is-promise@1.0.1
23 silly idealTree │ ├── promise@2.0.0
23 silly idealTree │ ├── source-map@0.1.43
23 silly idealTree │ └── uglify-js@2.2.5
23 silly idealTree ├── type-is@1.6.15
23 silly idealTree ├─┬ uglify-js@2.8.29
23 silly idealTree │ └── source-map@0.5.7
23 silly idealTree ├── uglify-to-browserify@1.0.2
23 silly idealTree ├── unpipe@1.0.0
23 silly idealTree ├── utils-merge@1.0.1
23 silly idealTree ├── vary@1.1.2
23 silly idealTree ├── void-elements@2.0.1
23 silly idealTree ├── window-size@0.1.0
23 silly idealTree ├─┬ with@4.0.3
23 silly idealTree │ └── acorn@1.2.2
23 silly idealTree ├── wordwrap@0.0.3
23 silly idealTree └── yargs@3.10.0
24 silly generateActionsToTake Starting
25 silly install generateActionsToTake
26 warn checkPermissions Missing write access to /home/user360/Documents/Projects/nodeTest/node_modules
27 silly rollbackFailedOptional Starting
28 silly rollbackFailedOptional Finishing
29 silly runTopLevelLifecycles Starting
30 silly runTopLevelLifecycles Finishing
31 silly install printInstalled
32 warn enoent ENOENT: no such file or directory, open '/home/user360/Documents/Projects/nodeTest/package.json'
33 warn nodeTest No description
34 warn nodeTest No repository field.
35 warn nodeTest No README data
36 warn nodeTest No license field.
37 verbose stack Error: EACCES: permission denied, access '/home/user360/Documents/Projects/nodeTest/node_modules'
37 verbose stack     at Error (native)
38 verbose cwd /home/user360/Documents/Projects/nodeTest
39 error Linux 4.13.0-21-generic
40 error argv "/usr/bin/node" "/usr/bin/npm" "install"
41 error node v6.11.4
42 error npm  v3.5.2
43 error path /home/user360/Documents/Projects/nodeTest/node_modules
44 error code EACCES
45 error errno -13
46 error syscall access
47 error Error: EACCES: permission denied, access '/home/user360/Documents/Projects/nodeTest/node_modules'
47 error     at Error (native)
47 error  { Error: EACCES: permission denied, access '/home/user360/Documents/Projects/nodeTest/node_modules'
47 error     at Error (native)
47 error   errno: -13,
47 error   code: 'EACCES',
47 error   syscall: 'access',
47 error   path: '/home/user360/Documents/Projects/nodeTest/node_modules' }
48 error Please try running this command again as root/Administrator.
49 verbose exit [ -13, true ]
